> Task :compileJava UP-TO-DATE
> Task :processResources UP-TO-DATE
> Task :classes UP-TO-DATE
> Task :resolveMainClassName UP-TO-DATE

> Task :bootRun

  .   ____          _            __ _ _
 /\\ / ___'_ __ _ _(_)_ __  __ _ \ \ \ \
( ( )\___ | '_ | '_| | '_ \/ _` | \ \ \ \
 \\/  ___)| |_)| | | | | || (_| |  ) ) ) )
  '  |____| .__|_| |_|_| |_\__, | / / / /
 =========|_|==============|___/=/_/_/_/
 :: Spring Boot ::                (v3.2.3)

2025-05-30T20:06:12.801-03:00  INFO 27165 --- [palpite-f1] [  restartedMain] c.l.p.PalpiteF1Application               : Starting PalpiteF1Application using Java 17.0.14 with PID 27165 (/Users/lucasreis/palpite-f1-backend/build/classes/java/main started by lucasreis in /Users/lucasreis/palpite-f1-backend)
2025-05-30T20:06:12.802-03:00 DEBUG 27165 --- [palpite-f1] [  restartedMain] c.l.p.PalpiteF1Application               : Running with Spring Boot v3.2.3, Spring v6.1.4
2025-05-30T20:06:12.802-03:00  INFO 27165 --- [palpite-f1] [  restartedMain] c.l.p.PalpiteF1Application               : No active profile set, falling back to 1 default profile: "default"
2025-05-30T20:06:12.832-03:00  INFO 27165 --- [palpite-f1] [  restartedMain] .e.DevToolsPropertyDefaultsPostProcessor : Devtools property defaults active! Set 'spring.devtools.add-properties' to 'false' to disable
2025-05-30T20:06:12.832-03:00  INFO 27165 --- [palpite-f1] [  restartedMain] .e.DevToolsPropertyDefaultsPostProcessor : For additional web related logging consider setting the 'logging.level.web' property to 'DEBUG'
2025-05-30T20:06:13.975-03:00  INFO 27165 --- [palpite-f1] [  restartedMain] .s.d.r.c.RepositoryConfigurationDelegate : Bootstrapping Spring Data JPA repositories in DEFAULT mode.
2025-05-30T20:06:14.010-03:00  INFO 27165 --- [palpite-f1] [  restartedMain] .s.d.r.c.RepositoryConfigurationDelegate : Finished Spring Data repository scanning in 31 ms. Found 6 JPA repository interfaces.
2025-05-30T20:06:14.575-03:00  INFO 27165 --- [palpite-f1] [  restartedMain] o.s.b.w.embedded.tomcat.TomcatWebServer  : Tomcat initialized with port 8081 (http)
2025-05-30T20:06:14.581-03:00  INFO 27165 --- [palpite-f1] [  restartedMain] o.apache.catalina.core.StandardService   : Starting service [Tomcat]
2025-05-30T20:06:14.581-03:00  INFO 27165 --- [palpite-f1] [  restartedMain] o.apache.catalina.core.StandardEngine    : Starting Servlet engine: [Apache Tomcat/10.1.19]
2025-05-30T20:06:14.604-03:00  INFO 27165 --- [palpite-f1] [  restartedMain] o.a.c.c.C.[Tomcat].[localhost].[/api]    : Initializing Spring embedded WebApplicationContext
2025-05-30T20:06:14.604-03:00  INFO 27165 --- [palpite-f1] [  restartedMain] w.s.c.ServletWebServerApplicationContext : Root WebApplicationContext: initialization completed in 1772 ms
2025-05-30T20:06:14.716-03:00  INFO 27165 --- [palpite-f1] [  restartedMain] com.zaxxer.hikari.HikariDataSource       : HikariPool-1 - Starting...
2025-05-30T20:06:14.917-03:00  INFO 27165 --- [palpite-f1] [  restartedMain] com.zaxxer.hikari.pool.HikariPool        : HikariPool-1 - Added connection com.mysql.cj.jdbc.ConnectionImpl@34d3e0dd
2025-05-30T20:06:14.919-03:00  INFO 27165 --- [palpite-f1] [  restartedMain] com.zaxxer.hikari.HikariDataSource       : HikariPool-1 - Start completed.
2025-05-30T20:06:14.962-03:00  INFO 27165 --- [palpite-f1] [  restartedMain] o.f.c.internal.license.VersionPrinter    : Flyway Community Edition 9.22.3 by Redgate
2025-05-30T20:06:14.962-03:00  INFO 27165 --- [palpite-f1] [  restartedMain] o.f.c.internal.license.VersionPrinter    : See release notes here: https://rd.gt/416ObMi
2025-05-30T20:06:14.962-03:00  INFO 27165 --- [palpite-f1] [  restartedMain] o.f.c.internal.license.VersionPrinter    : 
2025-05-30T20:06:14.981-03:00  INFO 27165 --- [palpite-f1] [  restartedMain] org.flywaydb.core.FlywayExecutor         : Database: jdbc:mysql://localhost:3306/palpite_f1 (MySQL 8.0)
2025-05-30T20:06:15.057-03:00  INFO 27165 --- [palpite-f1] [  restartedMain] o.f.core.internal.command.DbMigrate      : Current version of schema `palpite_f1`: 11
2025-05-30T20:06:15.057-03:00  WARN 27165 --- [palpite-f1] [  restartedMain] o.f.core.internal.command.DbMigrate      : outOfOrder mode is active. Migration of schema `palpite_f1` may not be reproducible.
2025-05-30T20:06:15.059-03:00  INFO 27165 --- [palpite-f1] [  restartedMain] o.f.core.internal.command.DbMigrate      : Schema `palpite_f1` is up to date. No migration necessary.
2025-05-30T20:06:15.127-03:00  INFO 27165 --- [palpite-f1] [  restartedMain] o.hibernate.jpa.internal.util.LogHelper  : HHH000204: Processing PersistenceUnitInfo [name: default]
2025-05-30T20:06:15.164-03:00  INFO 27165 --- [palpite-f1] [  restartedMain] org.hibernate.Version                    : HHH000412: Hibernate ORM core version 6.4.4.Final
2025-05-30T20:06:15.182-03:00  INFO 27165 --- [palpite-f1] [  restartedMain] o.h.c.internal.RegionFactoryInitiator    : HHH000026: Second-level cache disabled
2025-05-30T20:06:15.301-03:00  INFO 27165 --- [palpite-f1] [  restartedMain] o.s.o.j.p.SpringPersistenceUnitInfo      : No LoadTimeWeaver setup: ignoring JPA class transformer
2025-05-30T20:06:15.917-03:00  INFO 27165 --- [palpite-f1] [  restartedMain] o.h.e.t.j.p.i.JtaPlatformInitiator       : HHH000489: No JTA platform available (set 'hibernate.transaction.jta.platform' to enable JTA platform integration)
2025-05-30T20:06:15.918-03:00  INFO 27165 --- [palpite-f1] [  restartedMain] j.LocalContainerEntityManagerFactoryBean : Initialized JPA EntityManagerFactory for persistence unit 'default'
2025-05-30T20:06:16.161-03:00 DEBUG 27165 --- [palpite-f1] [  restartedMain] c.l.p.infra.security.SecurityFilter      : Filter 'securityFilter' configured for use
2025-05-30T20:06:16.266-03:00  INFO 27165 --- [palpite-f1] [  restartedMain] o.s.d.j.r.query.QueryEnhancerFactory     : Hibernate is in classpath; If applicable, HQL parser will be used.
2025-05-30T20:06:17.219-03:00  WARN 27165 --- [palpite-f1] [  restartedMain] JpaBaseConfiguration$JpaWebConfiguration : spring.jpa.open-in-view is enabled by default. Therefore, database queries may be performed during view rendering. Explicitly configure spring.jpa.open-in-view to disable this warning
2025-05-30T20:06:17.495-03:00  INFO 27165 --- [palpite-f1] [  restartedMain] o.s.b.a.e.web.EndpointLinksResolver      : Exposing 1 endpoint(s) beneath base path '/actuator'
2025-05-30T20:06:17.552-03:00  INFO 27165 --- [palpite-f1] [  restartedMain] o.s.s.web.DefaultSecurityFilterChain     : Will secure any request with [org.springframework.security.web.session.DisableEncodeUrlFilter@7a7b3f52, org.springframework.security.web.context.request.async.WebAsyncManagerIntegrationFilter@4a92510a, org.springframework.security.web.context.SecurityContextHolderFilter@6ecb9c20, org.springframework.security.web.header.HeaderWriterFilter@6a8e0a20, org.springframework.web.filter.CorsFilter@473edf7e, org.springframework.security.web.authentication.logout.LogoutFilter@3b9471cf, com.lucasreis.palpitef1backend.infra.security.SecurityFilter@70ce7f82, org.springframework.security.web.savedrequest.RequestCacheAwareFilter@639b630e, org.springframework.security.web.servletapi.SecurityContextHolderAwareRequestFilter@6de597d0, org.springframework.security.web.authentication.AnonymousAuthenticationFilter@47e59c1b, org.springframework.security.web.session.SessionManagementFilter@3deb1895, org.springframework.security.web.access.ExceptionTranslationFilter@6e38acf1, org.springframework.security.web.access.intercept.AuthorizationFilter@9d5fa69]
2025-05-30T20:06:17.799-03:00  INFO 27165 --- [palpite-f1] [  restartedMain] o.s.b.d.a.OptionalLiveReloadServer       : LiveReload server is running on port 35729
2025-05-30T20:06:17.837-03:00  INFO 27165 --- [palpite-f1] [  restartedMain] o.s.b.w.embedded.tomcat.TomcatWebServer  : Tomcat started on port 8081 (http) with context path '/api'
2025-05-30T20:06:17.847-03:00  INFO 27165 --- [palpite-f1] [  restartedMain] c.l.p.PalpiteF1Application               : Started PalpiteF1Application in 5.56 seconds (process running for 5.984)
2025-05-30T20:06:31.135-03:00  INFO 27165 --- [palpite-f1] [nio-8081-exec-1] o.a.c.c.C.[Tomcat].[localhost].[/api]    : Initializing Spring DispatcherServlet 'dispatcherServlet'
2025-05-30T20:06:31.135-03:00  INFO 27165 --- [palpite-f1] [nio-8081-exec-1] o.s.web.servlet.DispatcherServlet        : Initializing Servlet 'dispatcherServlet'
2025-05-30T20:06:31.138-03:00  INFO 27165 --- [palpite-f1] [nio-8081-exec-1] o.s.web.servlet.DispatcherServlet        : Completed initialization in 2 ms
2025-05-30T20:06:31.167-03:00 DEBUG 27165 --- [palpite-f1] [nio-8081-exec-1] o.s.security.web.FilterChainProxy        : Securing GET /health
2025-05-30T20:06:31.179-03:00 DEBUG 27165 --- [palpite-f1] [nio-8081-exec-1] c.l.p.infra.security.SecurityFilter      : Processing request to: GET /health
2025-05-30T20:06:31.179-03:00 DEBUG 27165 --- [palpite-f1] [nio-8081-exec-1] c.l.p.infra.security.SecurityFilter      : Skipping security filter for public endpoint: GET /health
2025-05-30T20:06:31.181-03:00 DEBUG 27165 --- [palpite-f1] [nio-8081-exec-1] o.s.s.w.a.AnonymousAuthenticationFilter  : Set SecurityContextHolder to anonymous SecurityContext
2025-05-30T20:06:31.184-03:00 DEBUG 27165 --- [palpite-f1] [nio-8081-exec-1] o.s.security.web.FilterChainProxy        : Secured GET /health
2025-05-30T20:06:36.476-03:00 DEBUG 27165 --- [palpite-f1] [nio-8081-exec-2] o.s.security.web.FilterChainProxy        : Securing POST /auth/login
2025-05-30T20:06:36.477-03:00 DEBUG 27165 --- [palpite-f1] [nio-8081-exec-2] c.l.p.infra.security.SecurityFilter      : Processing request to: POST /auth/login
2025-05-30T20:06:36.477-03:00 DEBUG 27165 --- [palpite-f1] [nio-8081-exec-2] c.l.p.infra.security.SecurityFilter      : Skipping security filter for public endpoint: POST /auth/login
2025-05-30T20:06:36.477-03:00 DEBUG 27165 --- [palpite-f1] [nio-8081-exec-2] o.s.s.w.a.AnonymousAuthenticationFilter  : Set SecurityContextHolder to anonymous SecurityContext
2025-05-30T20:06:36.477-03:00 DEBUG 27165 --- [palpite-f1] [nio-8081-exec-2] o.s.security.web.FilterChainProxy        : Secured POST /auth/login
2025-05-30T20:06:36.562-03:00 DEBUG 27165 --- [palpite-f1] [nio-8081-exec-2] c.l.p.c.AuthenticationController         : Received login request for email: admin@test.com
Hibernate: select u1_0.id,u1_0.created_at,u1_0.email,u1_0.name,u1_0.password,u1_0.role,u1_0.updated_at from users u1_0 where u1_0.email=?
2025-05-30T20:06:36.741-03:00 DEBUG 27165 --- [palpite-f1] [nio-8081-exec-2] .s.a.DefaultAuthenticationEventPublisher : No event was found for the exception org.springframework.security.authentication.InternalAuthenticationServiceException
2025-05-30T20:06:36.742-03:00  WARN 27165 --- [palpite-f1] [nio-8081-exec-2] c.l.p.i.security.GlobalExceptionHandler  : Erro de autenticação: UserDetailsService returned null, which is an interface contract violation
2025-05-30T20:06:36.744-03:00  WARN 27165 --- [palpite-f1] [nio-8081-exec-2] .m.m.a.ExceptionHandlerExceptionResolver : Resolved [org.springframework.security.authentication.InternalAuthenticationServiceException: UserDetailsService returned null, which is an interface contract violation]
2025-05-30T20:08:31.414-03:00 DEBUG 27165 --- [palpite-f1] [nio-8081-exec-4] o.s.security.web.FilterChainProxy        : Securing GET /health
2025-05-30T20:08:31.416-03:00 DEBUG 27165 --- [palpite-f1] [nio-8081-exec-4] c.l.p.infra.security.SecurityFilter      : Processing request to: GET /health
2025-05-30T20:08:31.416-03:00 DEBUG 27165 --- [palpite-f1] [nio-8081-exec-4] c.l.p.infra.security.SecurityFilter      : Skipping security filter for public endpoint: GET /health
2025-05-30T20:08:31.417-03:00 DEBUG 27165 --- [palpite-f1] [nio-8081-exec-4] o.s.s.w.a.AnonymousAuthenticationFilter  : Set SecurityContextHolder to anonymous SecurityContext
2025-05-30T20:08:31.418-03:00 DEBUG 27165 --- [palpite-f1] [nio-8081-exec-4] o.s.security.web.FilterChainProxy        : Secured GET /health
2025-05-30T20:08:36.720-03:00 DEBUG 27165 --- [palpite-f1] [nio-8081-exec-6] o.s.security.web.FilterChainProxy        : Securing GET /grand-prix/next
2025-05-30T20:08:36.722-03:00 DEBUG 27165 --- [palpite-f1] [nio-8081-exec-6] c.l.p.infra.security.SecurityFilter      : Processing request to: GET /grand-prix/next
2025-05-30T20:08:36.722-03:00 DEBUG 27165 --- [palpite-f1] [nio-8081-exec-6] c.l.p.infra.security.SecurityFilter      : Authorization header present: false
2025-05-30T20:08:36.722-03:00 DEBUG 27165 --- [palpite-f1] [nio-8081-exec-6] c.l.p.infra.security.SecurityFilter      : No valid authorization header found
2025-05-30T20:08:36.723-03:00 DEBUG 27165 --- [palpite-f1] [nio-8081-exec-6] o.s.s.w.a.AnonymousAuthenticationFilter  : Set SecurityContextHolder to anonymous SecurityContext
2025-05-30T20:08:36.735-03:00 DEBUG 27165 --- [palpite-f1] [nio-8081-exec-6] o.s.s.w.a.Http403ForbiddenEntryPoint     : Pre-authenticated entry point called. Rejecting access
2025-05-30T20:08:36.744-03:00 DEBUG 27165 --- [palpite-f1] [nio-8081-exec-6] o.s.security.web.FilterChainProxy        : Securing GET /error
2025-05-30T20:08:36.744-03:00 DEBUG 27165 --- [palpite-f1] [nio-8081-exec-6] o.s.s.w.a.AnonymousAuthenticationFilter  : Set SecurityContextHolder to anonymous SecurityContext
2025-05-30T20:08:36.745-03:00 DEBUG 27165 --- [palpite-f1] [nio-8081-exec-6] o.s.s.w.a.Http403ForbiddenEntryPoint     : Pre-authenticated entry point called. Rejecting access
2025-05-30T20:08:42.512-03:00 DEBUG 27165 --- [palpite-f1] [nio-8081-exec-8] o.s.security.web.FilterChainProxy        : Securing GET /grand-prix/next
2025-05-30T20:08:42.512-03:00 DEBUG 27165 --- [palpite-f1] [nio-8081-exec-8] c.l.p.infra.security.SecurityFilter      : Processing request to: GET /grand-prix/next
2025-05-30T20:08:42.512-03:00 DEBUG 27165 --- [palpite-f1] [nio-8081-exec-8] c.l.p.infra.security.SecurityFilter      : Authorization header present: false
2025-05-30T20:08:42.512-03:00 DEBUG 27165 --- [palpite-f1] [nio-8081-exec-8] c.l.p.infra.security.SecurityFilter      : No valid authorization header found
2025-05-30T20:08:42.512-03:00 DEBUG 27165 --- [palpite-f1] [nio-8081-exec-8] o.s.s.w.a.AnonymousAuthenticationFilter  : Set SecurityContextHolder to anonymous SecurityContext
2025-05-30T20:08:42.513-03:00 DEBUG 27165 --- [palpite-f1] [nio-8081-exec-8] o.s.s.w.a.Http403ForbiddenEntryPoint     : Pre-authenticated entry point called. Rejecting access
2025-05-30T20:08:42.513-03:00 DEBUG 27165 --- [palpite-f1] [nio-8081-exec-8] o.s.security.web.FilterChainProxy        : Securing GET /error
2025-05-30T20:08:42.514-03:00 DEBUG 27165 --- [palpite-f1] [nio-8081-exec-8] o.s.s.w.a.AnonymousAuthenticationFilter  : Set SecurityContextHolder to anonymous SecurityContext
2025-05-30T20:08:42.514-03:00 DEBUG 27165 --- [palpite-f1] [nio-8081-exec-8] o.s.s.w.a.Http403ForbiddenEntryPoint     : Pre-authenticated entry point called. Rejecting access
2025-05-30T20:08:48.094-03:00 DEBUG 27165 --- [palpite-f1] [io-8081-exec-10] o.s.security.web.FilterChainProxy        : Securing POST /auth/login
2025-05-30T20:08:48.096-03:00 DEBUG 27165 --- [palpite-f1] [io-8081-exec-10] c.l.p.infra.security.SecurityFilter      : Processing request to: POST /auth/login
2025-05-30T20:08:48.096-03:00 DEBUG 27165 --- [palpite-f1] [io-8081-exec-10] c.l.p.infra.security.SecurityFilter      : Skipping security filter for public endpoint: POST /auth/login
2025-05-30T20:08:48.096-03:00 DEBUG 27165 --- [palpite-f1] [io-8081-exec-10] o.s.s.w.a.AnonymousAuthenticationFilter  : Set SecurityContextHolder to anonymous SecurityContext
2025-05-30T20:08:48.097-03:00 DEBUG 27165 --- [palpite-f1] [io-8081-exec-10] o.s.security.web.FilterChainProxy        : Secured POST /auth/login
2025-05-30T20:08:48.105-03:00 DEBUG 27165 --- [palpite-f1] [io-8081-exec-10] c.l.p.c.AuthenticationController         : Received login request for email: admin@test.com
Hibernate: select u1_0.id,u1_0.created_at,u1_0.email,u1_0.name,u1_0.password,u1_0.role,u1_0.updated_at from users u1_0 where u1_0.email=?
2025-05-30T20:08:48.181-03:00 DEBUG 27165 --- [palpite-f1] [io-8081-exec-10] .s.a.DefaultAuthenticationEventPublisher : No event was found for the exception org.springframework.security.authentication.InternalAuthenticationServiceException
2025-05-30T20:08:48.182-03:00  WARN 27165 --- [palpite-f1] [io-8081-exec-10] c.l.p.i.security.GlobalExceptionHandler  : Erro de autenticação: UserDetailsService returned null, which is an interface contract violation
2025-05-30T20:08:48.193-03:00  WARN 27165 --- [palpite-f1] [io-8081-exec-10] .m.m.a.ExceptionHandlerExceptionResolver : Resolved [org.springframework.security.authentication.InternalAuthenticationServiceException: UserDetailsService returned null, which is an interface contract violation]
2025-05-30T20:20:30.971-03:00  INFO 27165 --- [palpite-f1] [   File Watcher] rtingClassPathChangeChangedEventListener : Restarting due to 6 class path changes (0 additions, 0 deletions, 6 modifications)
2025-05-30T20:20:42.282-03:00  WARN 27165 --- [palpite-f1] [       Thread-5] org.apache.tomcat.util.net.Acceptor      : The acceptor thread [http-nio-8081-Acceptor] did not stop cleanly
2025-05-30T20:20:42.311-03:00  INFO 27165 --- [palpite-f1] [       Thread-5] j.LocalContainerEntityManagerFactoryBean : Closing JPA EntityManagerFactory for persistence unit 'default'
2025-05-30T20:20:42.335-03:00  INFO 27165 --- [palpite-f1] [       Thread-5] com.zaxxer.hikari.HikariDataSource       : HikariPool-1 - Shutdown initiated...
2025-05-30T20:20:42.400-03:00  INFO 27165 --- [palpite-f1] [       Thread-5] com.zaxxer.hikari.HikariDataSource       : HikariPool-1 - Shutdown completed.

  .   ____          _            __ _ _
 /\\ / ___'_ __ _ _(_)_ __  __ _ \ \ \ \
( ( )\___ | '_ | '_| | '_ \/ _` | \ \ \ \
 \\/  ___)| |_)| | | | | || (_| |  ) ) ) )
  '  |____| .__|_| |_|_| |_\__, | / / / /
 =========|_|==============|___/=/_/_/_/
 :: Spring Boot ::                (v3.2.3)

2025-05-30T20:20:42.599-03:00  INFO 27165 --- [palpite-f1] [  restartedMain] c.l.p.PalpiteF1Application               : Starting PalpiteF1Application using Java 17.0.14 with PID 27165 (/Users/lucasreis/palpite-f1-backend/build/classes/java/main started by lucasreis in /Users/lucasreis/palpite-f1-backend)
2025-05-30T20:20:42.599-03:00 DEBUG 27165 --- [palpite-f1] [  restartedMain] c.l.p.PalpiteF1Application               : Running with Spring Boot v3.2.3, Spring v6.1.4
2025-05-30T20:20:42.599-03:00  INFO 27165 --- [palpite-f1] [  restartedMain] c.l.p.PalpiteF1Application               : No active profile set, falling back to 1 default profile: "default"
2025-05-30T20:20:42.992-03:00  INFO 27165 --- [palpite-f1] [  restartedMain] .s.d.r.c.RepositoryConfigurationDelegate : Bootstrapping Spring Data JPA repositories in DEFAULT mode.
2025-05-30T20:20:43.015-03:00  INFO 27165 --- [palpite-f1] [  restartedMain] .s.d.r.c.RepositoryConfigurationDelegate : Finished Spring Data repository scanning in 22 ms. Found 6 JPA repository interfaces.
2025-05-30T20:20:43.221-03:00  INFO 27165 --- [palpite-f1] [  restartedMain] o.s.b.w.embedded.tomcat.TomcatWebServer  : Tomcat initialized with port 8081 (http)
2025-05-30T20:20:43.221-03:00  INFO 27165 --- [palpite-f1] [  restartedMain] o.apache.catalina.core.StandardService   : Starting service [Tomcat]
2025-05-30T20:20:43.221-03:00  INFO 27165 --- [palpite-f1] [  restartedMain] o.apache.catalina.core.StandardEngine    : Starting Servlet engine: [Apache Tomcat/10.1.19]
2025-05-30T20:20:43.231-03:00  INFO 27165 --- [palpite-f1] [  restartedMain] o.a.c.c.C.[Tomcat].[localhost].[/api]    : Initializing Spring embedded WebApplicationContext
2025-05-30T20:20:43.231-03:00  INFO 27165 --- [palpite-f1] [  restartedMain] w.s.c.ServletWebServerApplicationContext : Root WebApplicationContext: initialization completed in 629 ms
2025-05-30T20:20:43.345-03:00  INFO 27165 --- [palpite-f1] [  restartedMain] com.zaxxer.hikari.HikariDataSource       : HikariPool-2 - Starting...
2025-05-30T20:20:43.422-03:00  INFO 27165 --- [palpite-f1] [  restartedMain] com.zaxxer.hikari.pool.HikariPool        : HikariPool-2 - Added connection com.mysql.cj.jdbc.ConnectionImpl@6842b1d0
2025-05-30T20:20:43.422-03:00  INFO 27165 --- [palpite-f1] [  restartedMain] com.zaxxer.hikari.HikariDataSource       : HikariPool-2 - Start completed.
2025-05-30T20:20:43.442-03:00  INFO 27165 --- [palpite-f1] [  restartedMain] org.flywaydb.core.FlywayExecutor         : Database: jdbc:mysql://localhost:3306/palpite_f1 (MySQL 8.0)
2025-05-30T20:20:43.505-03:00  INFO 27165 --- [palpite-f1] [  restartedMain] o.f.core.internal.command.DbMigrate      : Current version of schema `palpite_f1`: 11
2025-05-30T20:20:43.505-03:00  WARN 27165 --- [palpite-f1] [  restartedMain] o.f.core.internal.command.DbMigrate      : outOfOrder mode is active. Migration of schema `palpite_f1` may not be reproducible.
2025-05-30T20:20:43.506-03:00  INFO 27165 --- [palpite-f1] [  restartedMain] o.f.core.internal.command.DbMigrate      : Schema `palpite_f1` is up to date. No migration necessary.
2025-05-30T20:20:43.534-03:00  INFO 27165 --- [palpite-f1] [  restartedMain] o.hibernate.jpa.internal.util.LogHelper  : HHH000204: Processing PersistenceUnitInfo [name: default]
2025-05-30T20:20:43.536-03:00  INFO 27165 --- [palpite-f1] [  restartedMain] o.h.c.internal.RegionFactoryInitiator    : HHH000026: Second-level cache disabled
2025-05-30T20:20:43.538-03:00  INFO 27165 --- [palpite-f1] [  restartedMain] o.s.o.j.p.SpringPersistenceUnitInfo      : No LoadTimeWeaver setup: ignoring JPA class transformer
2025-05-30T20:20:43.628-03:00  INFO 27165 --- [palpite-f1] [  restartedMain] o.h.e.t.j.p.i.JtaPlatformInitiator       : HHH000489: No JTA platform available (set 'hibernate.transaction.jta.platform' to enable JTA platform integration)
2025-05-30T20:20:43.628-03:00  INFO 27165 --- [palpite-f1] [  restartedMain] j.LocalContainerEntityManagerFactoryBean : Initialized JPA EntityManagerFactory for persistence unit 'default'
2025-05-30T20:20:43.702-03:00 DEBUG 27165 --- [palpite-f1] [  restartedMain] c.l.p.infra.security.SecurityFilter      : Filter 'securityFilter' configured for use
2025-05-30T20:20:43.982-03:00  WARN 27165 --- [palpite-f1] [  restartedMain] JpaBaseConfiguration$JpaWebConfiguration : spring.jpa.open-in-view is enabled by default. Therefore, database queries may be performed during view rendering. Explicitly configure spring.jpa.open-in-view to disable this warning
2025-05-30T20:20:44.139-03:00  INFO 27165 --- [palpite-f1] [  restartedMain] o.s.b.a.e.web.EndpointLinksResolver      : Exposing 1 endpoint(s) beneath base path '/actuator'
2025-05-30T20:20:44.184-03:00  INFO 27165 --- [palpite-f1] [  restartedMain] o.s.s.web.DefaultSecurityFilterChain     : Will secure any request with [org.springframework.security.web.session.DisableEncodeUrlFilter@57ac1c52, org.springframework.security.web.context.request.async.WebAsyncManagerIntegrationFilter@8d87c7d, org.springframework.security.web.context.SecurityContextHolderFilter@4c64c763, org.springframework.security.web.header.HeaderWriterFilter@1da87481, org.springframework.web.filter.CorsFilter@11afeed1, org.springframework.security.web.authentication.logout.LogoutFilter@69787362, com.lucasreis.palpitef1backend.infra.security.SecurityFilter@1586c847, org.springframework.security.web.savedrequest.RequestCacheAwareFilter@333b9488, org.springframework.security.web.servletapi.SecurityContextHolderAwareRequestFilter@35a7a3f9, org.springframework.security.web.authentication.AnonymousAuthenticationFilter@73fd5336, org.springframework.security.web.session.SessionManagementFilter@484d6fb9, org.springframework.security.web.access.ExceptionTranslationFilter@3892129b, org.springframework.security.web.access.intercept.AuthorizationFilter@63e7999b]
2025-05-30T20:20:44.343-03:00  INFO 27165 --- [palpite-f1] [  restartedMain] o.s.b.d.a.OptionalLiveReloadServer       : LiveReload server is running on port 35729
2025-05-30T20:20:44.354-03:00  INFO 27165 --- [palpite-f1] [  restartedMain] o.s.b.w.embedded.tomcat.TomcatWebServer  : Tomcat started on port 8081 (http) with context path '/api'
2025-05-30T20:20:44.360-03:00  INFO 27165 --- [palpite-f1] [  restartedMain] c.l.p.PalpiteF1Application               : Started PalpiteF1Application in 1.787 seconds (process running for 872.485)
2025-05-30T20:20:44.362-03:00  INFO 27165 --- [palpite-f1] [  restartedMain] .ConditionEvaluationDeltaLoggingListener : Condition evaluation unchanged

> Task :bootRun FAILED

FAILURE: Build failed with an exception.

* What went wrong:
Execution failed for task ':bootRun'.
> Process 'command '/Users/lucasreis/.sdkman/candidates/java/17.0.14-zulu/zulu-17.jdk/Contents/Home/bin/java'' finished with non-zero exit value 137

* Try:
> Run with --stacktrace option to get the stack trace.
> Run with --info or --debug option to get more log output.
> Run with --scan to get full insights.
> Get more help at https://help.gradle.org.

Deprecated Gradle features were used in this build, making it incompatible with Gradle 9.0.

You can use '--warning-mode all' to show the individual deprecation warnings and determine if they come from your own scripts or plugins.

For more on this, please refer to https://docs.gradle.org/8.10.2/userguide/command_line_interface.html#sec:command_line_warnings in the Gradle documentation.

BUILD FAILED in 15m 8s
4 actionable tasks: 1 executed, 3 up-to-date
