Starting a Gradle Daemon (subsequent builds will be faster)
> Task :compileJava UP-TO-DATE
> Task :processResources UP-TO-DATE
> Task :classes UP-TO-DATE
> Task :resolveMainClassName UP-TO-DATE

> Task :bootRun

  .   ____          _            __ _ _
 /\\ / ___'_ __ _ _(_)_ __  __ _ \ \ \ \
( ( )\___ | '_ | '_| | '_ \/ _` | \ \ \ \
 \\/  ___)| |_)| | | | | || (_| |  ) ) ) )
  '  |____| .__|_| |_|_| |_\__, | / / / /
 =========|_|==============|___/=/_/_/_/
 :: Spring Boot ::                (v3.2.3)

2025-06-17T09:03:12.944-03:00  INFO 25007 --- [palpite-f1] [           main] c.l.p.PalpiteF1Application               : Starting PalpiteF1Application using Java 17.0.14 with PID 25007 (/Users/lucasreis/palpite-f1-backend/build/classes/java/main started by lucasreis in /Users/lucasreis/palpite-f1-backend)
2025-06-17T09:03:12.952-03:00 DEBUG 25007 --- [palpite-f1] [           main] c.l.p.PalpiteF1Application               : Running with Spring Boot v3.2.3, Spring v6.1.4
2025-06-17T09:03:13.057-03:00  INFO 25007 --- [palpite-f1] [           main] c.l.p.PalpiteF1Application               : The following 1 profile is active: "dev"
2025-06-17T09:03:17.134-03:00  INFO 25007 --- [palpite-f1] [           main] .s.d.r.c.RepositoryConfigurationDelegate : Bootstrapping Spring Data JPA repositories in DEFAULT mode.
2025-06-17T09:03:17.503-03:00  INFO 25007 --- [palpite-f1] [           main] .s.d.r.c.RepositoryConfigurationDelegate : Finished Spring Data repository scanning in 360 ms. Found 6 JPA repository interfaces.
2025-06-17T09:03:19.273-03:00  INFO 25007 --- [palpite-f1] [           main] o.s.b.w.embedded.tomcat.TomcatWebServer  : Tomcat initialized with port 8081 (http)
2025-06-17T09:03:19.318-03:00  INFO 25007 --- [palpite-f1] [           main] o.apache.catalina.core.StandardService   : Starting service [Tomcat]
2025-06-17T09:03:19.318-03:00  INFO 25007 --- [palpite-f1] [           main] o.apache.catalina.core.StandardEngine    : Starting Servlet engine: [Apache Tomcat/10.1.19]
2025-06-17T09:03:19.480-03:00  INFO 25007 --- [palpite-f1] [           main] o.a.c.c.C.[Tomcat].[localhost].[/api]    : Initializing Spring embedded WebApplicationContext
2025-06-17T09:03:19.482-03:00  INFO 25007 --- [palpite-f1] [           main] w.s.c.ServletWebServerApplicationContext : Root WebApplicationContext: initialization completed in 5939 ms
2025-06-17T09:03:20.060-03:00  INFO 25007 --- [palpite-f1] [           main] com.zaxxer.hikari.HikariDataSource       : HikariPool-1 - Starting...
2025-06-17T09:03:21.910-03:00  INFO 25007 --- [palpite-f1] [           main] com.zaxxer.hikari.pool.HikariPool        : HikariPool-1 - Added connection com.mysql.cj.jdbc.ConnectionImpl@1f0e2bdc
2025-06-17T09:03:21.914-03:00  INFO 25007 --- [palpite-f1] [           main] com.zaxxer.hikari.HikariDataSource       : HikariPool-1 - Start completed.
2025-06-17T09:03:22.185-03:00  INFO 25007 --- [palpite-f1] [           main] o.f.c.internal.license.VersionPrinter    : Flyway Community Edition 9.22.3 by Redgate
2025-06-17T09:03:22.185-03:00  INFO 25007 --- [palpite-f1] [           main] o.f.c.internal.license.VersionPrinter    : See release notes here: https://rd.gt/416ObMi
2025-06-17T09:03:22.185-03:00  INFO 25007 --- [palpite-f1] [           main] o.f.c.internal.license.VersionPrinter    : 
2025-06-17T09:03:22.607-03:00  INFO 25007 --- [palpite-f1] [           main] org.flywaydb.core.FlywayExecutor         : Database: jdbc:mysql://centerbeam.proxy.rlwy.net:27154/railway (MySQL 9.3)
2025-06-17T09:03:23.738-03:00  WARN 25007 --- [palpite-f1] [           main] o.f.c.internal.database.base.Database    : Flyway upgrade recommended: MySQL 9.3 is newer than this version of Flyway and support has not been tested. The latest supported version of MySQL is 8.0.
2025-06-17T09:03:25.845-03:00  INFO 25007 --- [palpite-f1] [           main] o.f.core.internal.command.DbMigrate      : Current version of schema `railway`: 14
2025-06-17T09:03:25.861-03:00  WARN 25007 --- [palpite-f1] [           main] o.f.core.internal.command.DbMigrate      : outOfOrder mode is active. Migration of schema `railway` may not be reproducible.
2025-06-17T09:03:25.999-03:00  INFO 25007 --- [palpite-f1] [           main] o.f.core.internal.command.DbMigrate      : Schema `railway` is up to date. No migration necessary.
2025-06-17T09:03:27.196-03:00  INFO 25007 --- [palpite-f1] [           main] o.hibernate.jpa.internal.util.LogHelper  : HHH000204: Processing PersistenceUnitInfo [name: default]
2025-06-17T09:03:27.298-03:00  INFO 25007 --- [palpite-f1] [           main] org.hibernate.Version                    : HHH000412: Hibernate ORM core version 6.4.4.Final
2025-06-17T09:03:27.373-03:00  INFO 25007 --- [palpite-f1] [           main] o.h.c.internal.RegionFactoryInitiator    : HHH000026: Second-level cache disabled
2025-06-17T09:03:27.680-03:00  INFO 25007 --- [palpite-f1] [           main] o.s.o.j.p.SpringPersistenceUnitInfo      : No LoadTimeWeaver setup: ignoring JPA class transformer
2025-06-17T09:03:28.224-03:00  WARN 25007 --- [palpite-f1] [           main] org.hibernate.orm.deprecation            : HHH90000025: MySQLDialect does not need to be specified explicitly using 'hibernate.dialect' (remove the property setting and it will be selected by default)
2025-06-17T09:03:30.651-03:00  INFO 25007 --- [palpite-f1] [           main] o.h.e.t.j.p.i.JtaPlatformInitiator       : HHH000489: No JTA platform available (set 'hibernate.transaction.jta.platform' to enable JTA platform integration)
2025-06-17T09:03:31.106-03:00  INFO 25007 --- [palpite-f1] [           main] j.LocalContainerEntityManagerFactoryBean : Initialized JPA EntityManagerFactory for persistence unit 'default'
2025-06-17T09:03:31.498-03:00 DEBUG 25007 --- [palpite-f1] [           main] c.l.p.infra.security.SecurityFilter      : Filter 'securityFilter' configured for use
2025-06-17T09:03:31.780-03:00  INFO 25007 --- [palpite-f1] [           main] o.s.d.j.r.query.QueryEnhancerFactory     : Hibernate is in classpath; If applicable, HQL parser will be used.
2025-06-17T09:03:33.680-03:00  WARN 25007 --- [palpite-f1] [           main] JpaBaseConfiguration$JpaWebConfiguration : spring.jpa.open-in-view is enabled by default. Therefore, database queries may be performed during view rendering. Explicitly configure spring.jpa.open-in-view to disable this warning
2025-06-17T09:03:34.067-03:00  INFO 25007 --- [palpite-f1] [           main] o.s.b.a.e.web.EndpointLinksResolver      : Exposing 1 endpoint(s) beneath base path '/actuator'
2025-06-17T09:03:34.132-03:00  INFO 25007 --- [palpite-f1] [           main] o.s.s.web.DefaultSecurityFilterChain     : Will secure any request with [org.springframework.security.web.session.DisableEncodeUrlFilter@62a3f7d0, org.springframework.security.web.context.request.async.WebAsyncManagerIntegrationFilter@271a32a0, org.springframework.security.web.context.SecurityContextHolderFilter@1c79e82c, org.springframework.security.web.header.HeaderWriterFilter@49029e1d, org.springframework.security.web.authentication.logout.LogoutFilter@5d4f92a, org.springframework.security.web.savedrequest.RequestCacheAwareFilter@35007ef, org.springframework.security.web.servletapi.SecurityContextHolderAwareRequestFilter@600509ed, org.springframework.security.web.authentication.AnonymousAuthenticationFilter@4bd47cb5, org.springframework.security.web.session.SessionManagementFilter@16f26810, org.springframework.security.web.access.ExceptionTranslationFilter@2cd7c77e, org.springframework.security.web.access.intercept.AuthorizationFilter@7a6d66a8]
2025-06-17T09:03:34.150-03:00  INFO 25007 --- [palpite-f1] [           main] o.s.s.web.DefaultSecurityFilterChain     : Will secure any request with [org.springframework.security.web.session.DisableEncodeUrlFilter@1611edf5, org.springframework.security.web.context.request.async.WebAsyncManagerIntegrationFilter@462d2fbf, org.springframework.security.web.context.SecurityContextHolderFilter@715cf4ff, org.springframework.security.web.header.HeaderWriterFilter@53837034, org.springframework.web.filter.CorsFilter@3e21921, org.springframework.security.web.authentication.logout.LogoutFilter@26190187, com.lucasreis.palpitef1backend.infra.security.SecurityFilter@4700db93, org.springframework.security.web.savedrequest.RequestCacheAwareFilter@57f54007, org.springframework.security.web.servletapi.SecurityContextHolderAwareRequestFilter@1f3f981d, org.springframework.security.web.authentication.AnonymousAuthenticationFilter@71aba7e4, org.springframework.security.web.session.SessionManagementFilter@4c5c771f, org.springframework.security.web.access.ExceptionTranslationFilter@6a41576, org.springframework.security.web.access.intercept.AuthorizationFilter@411675ac]
2025-06-17T09:03:34.581-03:00  INFO 25007 --- [palpite-f1] [           main] o.s.b.w.embedded.tomcat.TomcatWebServer  : Tomcat started on port 8081 (http) with context path '/api'
2025-06-17T09:03:34.604-03:00  INFO 25007 --- [palpite-f1] [           main] c.l.p.PalpiteF1Application               : Started PalpiteF1Application in 22.97 seconds (process running for 23.343)
2025-06-17T09:03:34.656-03:00  INFO 25007 --- [palpite-f1] [           main] c.l.p.config.StartupListener             : ==============================================
2025-06-17T09:03:34.656-03:00  INFO 25007 --- [palpite-f1] [           main] c.l.p.config.StartupListener             : Application started successfully!
2025-06-17T09:03:34.656-03:00  INFO 25007 --- [palpite-f1] [           main] c.l.p.config.StartupListener             : Health endpoint should be available at: /api/health
2025-06-17T09:03:34.656-03:00  INFO 25007 --- [palpite-f1] [           main] c.l.p.config.StartupListener             : ==============================================
